2019-10-18T11:41:28.547Z - normal: Load ~/.CocosCreator/settings.json
2019-10-18T11:41:28.596Z - normal: Initializing Asset Database
2019-10-18T11:41:28.598Z - normal: checking language setting...
2019-10-18T11:41:28.599Z - normal: Language: zh
2019-10-18T11:41:28.963Z - success: preview server running at http://localhost:7456
2019-10-18T11:41:29.022Z - success: protocol editor-framework registered
2019-10-18T11:41:29.022Z - success: protocol app registered
2019-10-18T11:41:29.022Z - success: protocol theme registered
2019-10-18T11:41:29.022Z - success: protocol packages registered
2019-10-18T11:41:29.022Z - success: protocol uuid registerred
2019-10-18T11:41:29.022Z - success: protocol db registerred
2019-10-18T11:41:29.022Z - success: protocol thumbnail registerred
2019-10-18T11:41:29.022Z - success: protocol unpack registerred
2019-10-18T11:41:29.022Z - success: protocol disable-commonjs registerred
2019-10-18T11:41:29.108Z - normal: connected!
2019-10-18T11:41:29.109Z - normal: Check project /Users/yonghu/all/luochen/cocos/cocosLearn/jumpStar
2019-10-18T11:41:29.110Z - normal: Initializing project /Users/yonghu/all/luochen/cocos/cocosLearn/jumpStar
2019-10-18T11:41:29.329Z - normal: Initializing Cocos2d
2019-10-18T11:41:29.712Z - normal: Initializing engine extends
2019-10-18T11:41:29.836Z - success: adapters loaded
2019-10-18T11:41:29.879Z - success: asset-db-debugger loaded
2019-10-18T11:41:29.941Z - success: fb-audience-network loaded
2019-10-18T11:41:29.965Z - success: fb-live-stream loaded
2019-10-18T11:41:29.968Z - success: google-play-instant loaded
2019-10-18T11:41:29.973Z - success: huawei-runtime loaded
2019-10-18T11:41:30.100Z - success: cpk-publish loaded
2019-10-18T11:41:30.102Z - success: jsb-adapter loaded
2019-10-18T11:41:30.107Z - success: oppo-runtime loaded
2019-10-18T11:41:30.143Z - success: package-manager loaded
2019-10-18T11:41:30.152Z - success: runtime-dev-tools loaded
2019-10-18T11:41:30.194Z - success: sdkbox loaded
2019-10-18T11:41:30.231Z - success: ui-kit-preview-extra loaded
2019-10-18T11:41:30.264Z - success: ui-kit-preview loaded
2019-10-18T11:41:30.272Z - success: vivo-runtime loaded
2019-10-18T11:41:30.275Z - success: alipay-minigame loaded
2019-10-18T11:41:30.356Z - success: assets loaded
2019-10-18T11:41:30.360Z - success: baidugame-opendata loaded
2019-10-18T11:41:30.363Z - success: baidugame loaded
2019-10-18T11:41:30.397Z - success: builder loaded
2019-10-18T11:41:30.533Z - success: cocos-services loaded
2019-10-18T11:41:30.564Z - success: console loaded
2019-10-18T11:41:30.577Z - success: fb-instant-games loaded
2019-10-18T11:41:30.606Z - success: game-window loaded
2019-10-18T11:41:30.610Z - success: google-instant-games loaded
2019-10-18T11:41:30.644Z - success: hierarchy loaded
2019-10-18T11:41:30.673Z - success: inspector loaded
2019-10-18T11:41:30.675Z - success: keystore loaded
2019-10-18T11:41:30.713Z - success: node-library loaded
2019-10-18T11:41:30.714Z - success: open-recent-items loaded
2019-10-18T11:41:30.715Z - success: package-asset loaded
2019-10-18T11:41:30.716Z - success: preferences loaded
2019-10-18T11:41:30.766Z - success: project-exporter loaded
2019-10-18T11:41:30.797Z - success: project-importer loaded
2019-10-18T11:41:30.831Z - success: project-settings loaded
2019-10-18T11:41:30.866Z - success: scene loaded
2019-10-18T11:41:30.868Z - success: simulator-debugger loaded
2019-10-18T11:41:30.869Z - success: sprite-editor loaded
2019-10-18T11:41:30.907Z - success: store loaded
2019-10-18T11:41:30.976Z - success: timeline loaded
2019-10-18T11:41:30.979Z - success: wechatgame-opendata loaded
2019-10-18T11:41:30.982Z - success: wechatgame loaded
2019-10-18T11:41:30.987Z - success: xiaomi-runtime loaded
2019-10-18T11:41:31.473Z - normal: Loading packages
2019-10-18T11:41:31.478Z - normal: Watching packages
2019-10-18T11:41:31.569Z - normal: Run Application
2019-10-18T11:41:31.807Z - info: Cocos Services load base data!
2019-10-19T02:14:47.194Z - success: API data generated and copied to /Users/yonghu/all/luochen/cocos/cocosLearn/jumpStar/creator.d.ts
2019-10-19T02:14:57.166Z - success: VS Code extension installed to /Users/yonghu/.vscode/extensions
2019-10-19T02:15:34.193Z - success: TypeScript Configuration file has been copied to /Users/yonghu/all/luochen/cocos/cocosLearn/jumpStar/tsconfig.json
2019-10-19T02:16:08.371Z - success: Chrome debug setting has been updated to .vscode/launch.json, please install Debugger for Chrome VS Code extension to debug your project.
2019-10-19T02:21:19.767Z - success: API data generated and copied to /Users/yonghu/all/luochen/cocos/cocosLearn/jumpStar/creator.d.ts
2019-10-19T02:28:37.883Z - success: Compiling task has been added to .vscode/tasks.json, please run "compile" task in VS Code to trigger compile in Cocos Creator.
2019-10-19T02:39:42.547Z - success: Compiling task has been added to .vscode/tasks.json, please run "compile" task in VS Code to trigger compile in Cocos Creator.
